# JRE version: OpenJDK Runtime Environment Temurin-17.0.4+8 (17.0.4+8) (build 17.0.4+8)
# Java VM: OpenJDK 64-Bit Server VM Temurin-17.0.4+8 (17.0.4+8, mixed mode, sharing, tiered, compressed oops, compressed class ptrs, g1 gc, windows-amd64)
GC Precious Log:
 CPUs: 8 total, 8 available
 Memory: 16273M
 Large Page Support: Disabled
 NUMA Support: Disabled
 Compressed Oops: Enabled (Zero based)
 Heap Region Size: 2M
 Heap Min Capacity: 8M
 Heap Initial Capacity: 256M
 Heap Max Capacity: 4070M
 Pre-touch: Disabled
 Parallel Workers: 8
 Concurrent Workers: 2
 Concurrent Refinement Workers: 8
 Periodic GC: Disabled
Heap:
 garbage-first heap   total 909312K, used 800383K [0x0000000701a00000, 0x0000000800000000)
  region size 2048K, 3 young (6144K), 2 survivors (4096K)
 Metaspace       used 5498K, committed 5696K, reserved 1056768K
  class space    used 572K, committed 704K, reserved 1048576K
GC Heap History (20 events):
Event: 35.299 GC heap before
{Heap before GC invocations=72 (full 0):
 garbage-first heap   total 909312K, used 813518K [0x0000000701a00000, 0x0000000800000000)
  region size 2048K, 39 young (79872K), 5 survivors (10240K)
 Metaspace       used 5472K, committed 5696K, reserved 1056768K
  class space    used 572K, committed 704K, reserved 1048576K
}
Event: 35.301 GC heap after
{Heap after GC invocations=73 (full 0):
 garbage-first heap   total 909312K, used 745109K [0x0000000701a00000, 0x0000000800000000)
  region size 2048K, 4 young (8192K), 4 survivors (8192K)
 Metaspace       used 5472K, committed 5696K, reserved 1056768K
  class space    used 572K, committed 704K, reserved 1048576K
}
Event: 35.600 GC heap before
{Heap before GC invocations=73 (full 0):
 garbage-first heap   total 909312K, used 814741K [0x0000000701a00000, 0x0000000800000000)
  region size 2048K, 34 young (69632K), 4 survivors (8192K)
 Metaspace       used 5474K, committed 5696K, reserved 1056768K
  class space    used 572K, committed 704K, reserved 1048576K
}
Event: 35.602 GC heap after
{Heap after GC invocations=74 (full 0):
 garbage-first heap   total 909312K, used 754152K [0x0000000701a00000, 0x0000000800000000)
  region size 2048K, 4 young (8192K), 4 survivors (8192K)
 Metaspace       used 5474K, committed 5696K, reserved 1056768K
  class space    used 572K, committed 704K, reserved 1048576K
}
Event: 35.818 GC heap before
{Heap before GC invocations=74 (full 0):
 garbage-first heap   total 909312K, used 815592K [0x0000000701a00000, 0x0000000800000000)
  region size 2048K, 30 young (61440K), 4 survivors (8192K)
 Metaspace       used 5474K, committed 5696K, reserved 1056768K
  class space    used 572K, committed 704K, reserved 1048576K
}
Event: 35.820 GC heap after
{Heap after GC invocations=75 (full 0):
 garbage-first heap   total 909312K, used 762328K [0x0000000701a00000, 0x0000000800000000)
  region size 2048K, 2 young (4096K), 2 survivors (4096K)
 Metaspace       used 5474K, committed 5696K, reserved 1056768K
  class space    used 572K, committed 704K, reserved 1048576K
}
Event: 36.249 GC heap before
{Heap before GC invocations=75 (full 0):
 garbage-first heap   total 909312K, used 811480K [0x0000000701a00000, 0x0000000800000000)
  region size 2048K, 26 young (53248K), 2 survivors (4096K)
 Metaspace       used 5474K, committed 5696K, reserved 1056768K
  class space    used 572K, committed 704K, reserved 1048576K
}
Event: 36.251 GC heap after
{Heap after GC invocations=76 (full 0):
 garbage-first heap   total 909312K, used 763526K [0x0000000701a00000, 0x0000000800000000)
  region size 2048K, 3 young (6144K), 3 survivors (6144K)
 Metaspace       used 5474K, committed 5696K, reserved 1056768K
  class space    used 572K, committed 704K, reserved 1048576K
}
Event: 36.517 GC heap before
{Heap before GC invocations=76 (full 0):
 garbage-first heap   total 909312K, used 816774K [0x0000000701a00000, 0x0000000800000000)
  region size 2048K, 25 young (51200K), 3 survivors (6144K)
 Metaspace       used 5474K, committed 5696K, reserved 1056768K
  class space    used 572K, committed 704K, reserved 1048576K
}
Event: 36.518 GC heap after
{Heap after GC invocations=77 (full 0):
 garbage-first heap   total 909312K, used 773362K [0x0000000701a00000, 0x0000000800000000)
  region size 2048K, 2 young (4096K), 2 survivors (4096K)
 Metaspace       used 5474K, committed 5696K, reserved 1056768K
  class space    used 572K, committed 704K, reserved 1048576K
}
Event: 36.685 GC heap before
{Heap before GC invocations=77 (full 0):
 garbage-first heap   total 909312K, used 822514K [0x0000000701a00000, 0x0000000800000000)
  region size 2048K, 22 young (45056K), 2 survivors (4096K)
 Metaspace       used 5478K, committed 5696K, reserved 1056768K
  class space    used 572K, committed 704K, reserved 1048576K
}
Event: 36.686 GC heap after
{Heap after GC invocations=78 (full 0):
 garbage-first heap   total 909312K, used 781964K [0x0000000701a00000, 0x0000000800000000)
  region size 2048K, 2 young (4096K), 2 survivors (4096K)
 Metaspace       used 5478K, committed 5696K, reserved 1056768K
  class space    used 572K, committed 704K, reserved 1048576K
}
Event: 36.862 GC heap before
{Heap before GC invocations=78 (full 0):
 garbage-first heap   total 909312K, used 820876K [0x0000000701a00000, 0x0000000800000000)
  region size 2048K, 22 young (45056K), 2 survivors (4096K)
 Metaspace       used 5478K, committed 5696K, reserved 1056768K
  class space    used 572K, committed 704K, reserved 1048576K
}
Event: 36.863 GC heap after
{Heap after GC invocations=79 (full 0):
 garbage-first heap   total 909312K, used 782791K [0x0000000701a00000, 0x0000000800000000)
  region size 2048K, 2 young (4096K), 2 survivors (4096K)
 Metaspace       used 5478K, committed 5696K, reserved 1056768K
  class space    used 572K, committed 704K, reserved 1048576K
}
Event: 36.966 GC heap before
{Heap before GC invocations=79 (full 0):
 garbage-first heap   total 909312K, used 803271K [0x0000000701a00000, 0x0000000800000000)
  region size 2048K, 13 young (26624K), 2 survivors (4096K)
 Metaspace       used 5481K, committed 5696K, reserved 1056768K
  class space    used 572K, committed 704K, reserved 1048576K
}
Event: 36.971 GC heap after
{Heap after GC invocations=80 (full 0):
 garbage-first heap   total 909312K, used 782816K [0x0000000701a00000, 0x0000000800000000)
  region size 2048K, 2 young (4096K), 2 survivors (4096K)
 Metaspace       used 5481K, committed 5696K, reserved 1056768K
  class space    used 572K, committed 704K, reserved 1048576K
}
Event: 37.167 GC heap before
{Heap before GC invocations=80 (full 0):
 garbage-first heap   total 909312K, used 829920K [0x0000000701a00000, 0x0000000800000000)
  region size 2048K, 22 young (45056K), 2 survivors (4096K)
 Metaspace       used 5483K, committed 5696K, reserved 1056768K
  class space    used 572K, committed 704K, reserved 1048576K
}
Event: 37.168 GC heap after
{Heap after GC invocations=81 (full 0):
 garbage-first heap   total 909312K, used 791826K [0x0000000701a00000, 0x0000000800000000)
  region size 2048K, 2 young (4096K), 2 survivors (4096K)
 Metaspace       used 5483K, committed 5696K, reserved 1056768K
  class space    used 572K, committed 704K, reserved 1048576K
}
Event: 37.265 GC heap before
{Heap before GC invocations=81 (full 0):
 garbage-first heap   total 909312K, used 816402K [0x0000000701a00000, 0x0000000800000000)
  region size 2048K, 15 young (30720K), 2 survivors (4096K)
 Metaspace       used 5493K, committed 5696K, reserved 1056768K
  class space    used 572K, committed 704K, reserved 1048576K
}
Event: 37.266 GC heap after
{Heap after GC invocations=82 (full 0):
 garbage-first heap   total 909312K, used 792191K [0x0000000701a00000, 0x0000000800000000)
  region size 2048K, 2 young (4096K), 2 survivors (4096K)
 Metaspace       used 5493K, committed 5696K, reserved 1056768K
  class space    used 572K, committed 704K, reserved 1048576K
}

