# JRE version: OpenJDK Runtime Environment Temurin-17.0.4+8 (17.0.4+8) (build 17.0.4+8)
# Java VM: OpenJDK 64-Bit Server VM Temurin-17.0.4+8 (17.0.4+8, mixed mode, sharing, tiered, compressed oops, compressed class ptrs, g1 gc, windows-amd64)
GC Precious Log:
 CPUs: 8 total, 8 available
 Memory: 16273M
 Large Page Support: Disabled
 NUMA Support: Disabled
 Compressed Oops: Enabled (Zero based)
 Heap Region Size: 2M
 Heap Min Capacity: 8M
 Heap Initial Capacity: 256M
 Heap Max Capacity: 4070M
 Pre-touch: Disabled
 Parallel Workers: 8
 Concurrent Workers: 2
 Concurrent Refinement Workers: 8
 Periodic GC: Disabled
Heap:
 garbage-first heap   total 473088K, used 256488K [0x0000000701a00000, 0x0000000800000000)
  region size 2048K, 6 young (12288K), 6 survivors (12288K)
 Metaspace       used 5392K, committed 5568K, reserved 1056768K
  class space    used 572K, committed 704K, reserved 1048576K
GC Heap History (20 events):
Event: 10.292 GC heap after
{Heap after GC invocations=11 (full 0):
 garbage-first heap   total 262144K, used 145069K [0x0000000701a00000, 0x0000000800000000)
  region size 2048K, 5 young (10240K), 5 survivors (10240K)
 Metaspace       used 5321K, committed 5504K, reserved 1056768K
  class space    used 572K, committed 704K, reserved 1048576K
}
Event: 10.300 GC heap before
{Heap before GC invocations=11 (full 0):
 garbage-first heap   total 262144K, used 147117K [0x0000000701a00000, 0x0000000800000000)
  region size 2048K, 6 young (12288K), 5 survivors (10240K)
 Metaspace       used 5321K, committed 5504K, reserved 1056768K
  class space    used 572K, committed 704K, reserved 1048576K
}
Event: 10.302 GC heap after
{Heap after GC invocations=12 (full 0):
 garbage-first heap   total 262144K, used 146248K [0x0000000701a00000, 0x0000000800000000)
  region size 2048K, 0 young (0K), 0 survivors (0K)
 Metaspace       used 5321K, committed 5504K, reserved 1056768K
  class space    used 572K, committed 704K, reserved 1048576K
}
Event: 10.443 GC heap before
{Heap before GC invocations=12 (full 0):
 garbage-first heap   total 262144K, used 179016K [0x0000000701a00000, 0x0000000800000000)
  region size 2048K, 17 young (34816K), 0 survivors (0K)
 Metaspace       used 5323K, committed 5504K, reserved 1056768K
  class space    used 572K, committed 704K, reserved 1048576K
}
Event: 10.444 GC heap after
{Heap after GC invocations=13 (full 0):
 garbage-first heap   total 262144K, used 146286K [0x0000000701a00000, 0x0000000800000000)
  region size 2048K, 1 young (2048K), 1 survivors (2048K)
 Metaspace       used 5323K, committed 5504K, reserved 1056768K
  class space    used 572K, committed 704K, reserved 1048576K
}
Event: 10.805 GC heap before
{Heap before GC invocations=14 (full 0):
 garbage-first heap   total 266240K, used 220014K [0x0000000701a00000, 0x0000000800000000)
  region size 2048K, 34 young (69632K), 1 survivors (2048K)
 Metaspace       used 5335K, committed 5568K, reserved 1056768K
  class space    used 572K, committed 704K, reserved 1048576K
}
Event: 10.806 GC heap after
{Heap after GC invocations=15 (full 0):
 garbage-first heap   total 266240K, used 155314K [0x0000000701a00000, 0x0000000800000000)
  region size 2048K, 1 young (2048K), 1 survivors (2048K)
 Metaspace       used 5335K, committed 5568K, reserved 1056768K
  class space    used 572K, committed 704K, reserved 1048576K
}
Event: 11.268 GC heap before
{Heap before GC invocations=16 (full 0):
 garbage-first heap   total 280576K, used 229042K [0x0000000701a00000, 0x0000000800000000)
  region size 2048K, 34 young (69632K), 1 survivors (2048K)
 Metaspace       used 5338K, committed 5568K, reserved 1056768K
  class space    used 572K, committed 704K, reserved 1048576K
}
Event: 11.271 GC heap after
{Heap after GC invocations=17 (full 0):
 garbage-first heap   total 473088K, used 164341K [0x0000000701a00000, 0x0000000800000000)
  region size 2048K, 1 young (2048K), 1 survivors (2048K)
 Metaspace       used 5338K, committed 5568K, reserved 1056768K
  class space    used 572K, committed 704K, reserved 1048576K
}
Event: 13.345 GC heap before
{Heap before GC invocations=17 (full 0):
 garbage-first heap   total 473088K, used 449013K [0x0000000701a00000, 0x0000000800000000)
  region size 2048K, 124 young (253952K), 1 survivors (2048K)
 Metaspace       used 5369K, committed 5568K, reserved 1056768K
  class space    used 572K, committed 704K, reserved 1048576K
}
Event: 13.347 GC heap after
{Heap after GC invocations=18 (full 0):
 garbage-first heap   total 473088K, used 201175K [0x0000000701a00000, 0x0000000800000000)
  region size 2048K, 3 young (6144K), 3 survivors (6144K)
 Metaspace       used 5369K, committed 5568K, reserved 1056768K
  class space    used 572K, committed 704K, reserved 1048576K
}
Event: 14.290 GC heap before
{Heap before GC invocations=18 (full 0):
 garbage-first heap   total 473088K, used 365015K [0x0000000701a00000, 0x0000000800000000)
  region size 2048K, 76 young (155648K), 3 survivors (6144K)
 Metaspace       used 5379K, committed 5568K, reserved 1056768K
  class space    used 572K, committed 704K, reserved 1048576K
}
Event: 14.292 GC heap after
{Heap after GC invocations=19 (full 0):
 garbage-first heap   total 473088K, used 219622K [0x0000000701a00000, 0x0000000800000000)
  region size 2048K, 4 young (8192K), 4 survivors (8192K)
 Metaspace       used 5379K, committed 5568K, reserved 1056768K
  class space    used 572K, committed 704K, reserved 1048576K
}
Event: 14.764 GC heap before
{Heap before GC invocations=20 (full 0):
 garbage-first heap   total 473088K, used 295398K [0x0000000701a00000, 0x0000000800000000)
  region size 2048K, 38 young (77824K), 4 survivors (8192K)
 Metaspace       used 5382K, committed 5568K, reserved 1056768K
  class space    used 572K, committed 704K, reserved 1048576K
}
Event: 14.765 GC heap after
{Heap after GC invocations=21 (full 0):
 garbage-first heap   total 473088K, used 229030K [0x0000000701a00000, 0x0000000800000000)
  region size 2048K, 5 young (10240K), 5 survivors (10240K)
 Metaspace       used 5382K, committed 5568K, reserved 1056768K
  class space    used 572K, committed 704K, reserved 1048576K
}
Event: 15.607 GC heap before
{Heap before GC invocations=22 (full 0):
 garbage-first heap   total 473088K, used 302758K [0x0000000701a00000, 0x0000000800000000)
  region size 2048K, 38 young (77824K), 5 survivors (10240K)
 Metaspace       used 5385K, committed 5568K, reserved 1056768K
  class space    used 572K, committed 704K, reserved 1048576K
}
Event: 15.609 GC heap after
{Heap after GC invocations=23 (full 0):
 garbage-first heap   total 473088K, used 238055K [0x0000000701a00000, 0x0000000800000000)
  region size 2048K, 5 young (10240K), 5 survivors (10240K)
 Metaspace       used 5385K, committed 5568K, reserved 1056768K
  class space    used 572K, committed 704K, reserved 1048576K
}
Event: 16.335 GC heap before
{Heap before GC invocations=24 (full 0):
 garbage-first heap   total 473088K, used 311783K [0x0000000701a00000, 0x0000000800000000)
  region size 2048K, 38 young (77824K), 5 survivors (10240K)
 Metaspace       used 5386K, committed 5568K, reserved 1056768K
  class space    used 572K, committed 704K, reserved 1048576K
}
Event: 16.337 GC heap after
{Heap after GC invocations=25 (full 0):
 garbage-first heap   total 473088K, used 247459K [0x0000000701a00000, 0x0000000800000000)
  region size 2048K, 6 young (12288K), 6 survivors (12288K)
 Metaspace       used 5386K, committed 5568K, reserved 1056768K
  class space    used 572K, committed 704K, reserved 1048576K
}
Event: 16.739 GC heap before
{Heap before GC invocations=26 (full 0):
 garbage-first heap   total 473088K, used 321187K [0x0000000701a00000, 0x0000000800000000)
  region size 2048K, 39 young (79872K), 6 survivors (12288K)
 Metaspace       used 5392K, committed 5568K, reserved 1056768K
  class space    used 572K, committed 704K, reserved 1048576K
}

